Determining if the pthread_create exist failed with the following output:
Change Dir: /home/matt/work/dev/ros/robocake_ws/build/CMakeFiles/CMakeTmp

Run Build Command:"/usr/bin/make" "cmTC_cdfea/fast"
/usr/bin/make -f CMakeFiles/cmTC_cdfea.dir/build.make CMakeFiles/cmTC_cdfea.dir/build
make[1]: Entering directory '/home/matt/work/dev/ros/robocake_ws/build/CMakeFiles/CMakeTmp'
Building C object CMakeFiles/cmTC_cdfea.dir/CheckSymbolExists.c.o
/usr/bin/cc     -o CMakeFiles/cmTC_cdfea.dir/CheckSymbolExists.c.o   -c /home/matt/work/dev/ros/robocake_ws/build/CMakeFiles/CMakeTmp/CheckSymbolExists.c
Linking C executable cmTC_cdfea
/usr/bin/cmake -E cmake_link_script CMakeFiles/cmTC_cdfea.dir/link.txt --verbose=1
/usr/bin/cc       CMakeFiles/cmTC_cdfea.dir/CheckSymbolExists.c.o  -o cmTC_cdfea -rdynamic 
CMakeFiles/cmTC_cdfea.dir/CheckSymbolExists.c.o: In function `main':
CheckSymbolExists.c:(.text+0x16): undefined reference to `pthread_create'
collect2: error: ld returned 1 exit status
CMakeFiles/cmTC_cdfea.dir/build.make:97: recipe for target 'cmTC_cdfea' failed
make[1]: *** [cmTC_cdfea] Error 1
make[1]: Leaving directory '/home/matt/work/dev/ros/robocake_ws/build/CMakeFiles/CMakeTmp'
Makefile:126: recipe for target 'cmTC_cdfea/fast' failed
make: *** [cmTC_cdfea/fast] Error 2

File /home/matt/work/dev/ros/robocake_ws/build/CMakeFiles/CMakeTmp/CheckSymbolExists.c:
/* */
#include <pthread.h>

int main(int argc, char** argv)
{
  (void)argv;
#ifndef pthread_create
  return ((int*)(&pthread_create))[argc];
#else
  (void)argc;
  return 0;
#endif
}

Determining if the function pthread_create exists in the pthreads failed with the following output:
Change Dir: /home/matt/work/dev/ros/robocake_ws/build/CMakeFiles/CMakeTmp

Run Build Command:"/usr/bin/make" "cmTC_cc987/fast"
/usr/bin/make -f CMakeFiles/cmTC_cc987.dir/build.make CMakeFiles/cmTC_cc987.dir/build
make[1]: Entering directory '/home/matt/work/dev/ros/robocake_ws/build/CMakeFiles/CMakeTmp'
Building C object CMakeFiles/cmTC_cc987.dir/CheckFunctionExists.c.o
/usr/bin/cc    -DCHECK_FUNCTION_EXISTS=pthread_create   -o CMakeFiles/cmTC_cc987.dir/CheckFunctionExists.c.o   -c /usr/share/cmake-3.5/Modules/CheckFunctionExists.c
Linking C executable cmTC_cc987
/usr/bin/cmake -E cmake_link_script CMakeFiles/cmTC_cc987.dir/link.txt --verbose=1
/usr/bin/cc   -DCHECK_FUNCTION_EXISTS=pthread_create    CMakeFiles/cmTC_cc987.dir/CheckFunctionExists.c.o  -o cmTC_cc987 -rdynamic -lpthreads 
/usr/bin/ld: cannot find -lpthreads
collect2: error: ld returned 1 exit status
CMakeFiles/cmTC_cc987.dir/build.make:97: recipe for target 'cmTC_cc987' failed
make[1]: *** [cmTC_cc987] Error 1
make[1]: Leaving directory '/home/matt/work/dev/ros/robocake_ws/build/CMakeFiles/CMakeTmp'
Makefile:126: recipe for target 'cmTC_cc987/fast' failed
make: *** [cmTC_cc987/fast] Error 2


